<?xml version="1.0" encoding="UTF-8"?>
<testsuite name="com.test.interview.InterviewApplicationTests" tests="1" skipped="0" failures="0" errors="0" timestamp="2024-10-02T17:51:30" hostname="MachineX.broadband" time="0.769">
  <properties/>
  <testcase name="contextLoads()" classname="com.test.interview.InterviewApplicationTests" time="0.769"/>
  <system-out><![CDATA[18:51:23.138 [Test worker] INFO org.springframework.test.context.support.AnnotationConfigContextLoaderUtils -- Could not detect default configuration classes for test class [com.test.interview.InterviewApplicationTests]: InterviewApplicationTests does not declare any static, non-private, non-final, nested classes annotated with @Configuration.
18:51:23.334 [Test worker] INFO org.springframework.boot.test.context.SpringBootTestContextBootstrapper -- Found @SpringBootConfiguration com.test.interview.InterviewApplication for test class com.test.interview.InterviewApplicationTests

  .   ____          _            __ _ _
 /\\ / ___'_ __ _ _(_)_ __  __ _ \ \ \ \
( ( )\___ | '_ | '_| | '_ \/ _` | \ \ \ \
 \\/  ___)| |_)| | | | | || (_| |  ) ) ) )
  '  |____| .__|_| |_|_| |_\__, | / / / /
 =========|_|==============|___/=/_/_/_/

 :: Spring Boot ::                (v3.3.4)

2024-10-02T18:51:23.994+01:00  INFO 33287 --- [interview] [    Test worker] c.t.interview.InterviewApplicationTests  : Starting InterviewApplicationTests using Java 17.0.11 with PID 33287 (started by swalehabdulrehman in /Users/swalehabdulrehman/Desktop/bring-your-own-interview-master AK_KR/interview)
2024-10-02T18:51:23.996+01:00  INFO 33287 --- [interview] [    Test worker] c.t.interview.InterviewApplicationTests  : No active profile set, falling back to 1 default profile: "default"
2024-10-02T18:51:25.482+01:00  INFO 33287 --- [interview] [    Test worker] .s.d.r.c.RepositoryConfigurationDelegate : Bootstrapping Spring Data JPA repositories in DEFAULT mode.
2024-10-02T18:51:25.580+01:00  INFO 33287 --- [interview] [    Test worker] .s.d.r.c.RepositoryConfigurationDelegate : Finished Spring Data repository scanning in 89 ms. Found 1 JPA repository interface.
2024-10-02T18:51:26.532+01:00  INFO 33287 --- [interview] [    Test worker] o.hibernate.jpa.internal.util.LogHelper  : HHH000204: Processing PersistenceUnitInfo [name: default]
2024-10-02T18:51:26.583+01:00  INFO 33287 --- [interview] [    Test worker] org.hibernate.Version                    : HHH000412: Hibernate ORM core version 6.5.3.Final
2024-10-02T18:51:26.640+01:00  INFO 33287 --- [interview] [    Test worker] o.h.c.internal.RegionFactoryInitiator    : HHH000026: Second-level cache disabled
2024-10-02T18:51:27.014+01:00  INFO 33287 --- [interview] [    Test worker] o.s.o.j.p.SpringPersistenceUnitInfo      : No LoadTimeWeaver setup: ignoring JPA class transformer
2024-10-02T18:51:27.063+01:00  INFO 33287 --- [interview] [    Test worker] com.zaxxer.hikari.HikariDataSource       : HikariPool-1 - Starting...
2024-10-02T18:51:27.513+01:00  INFO 33287 --- [interview] [    Test worker] com.zaxxer.hikari.pool.HikariPool        : HikariPool-1 - Added connection com.mysql.cj.jdbc.ConnectionImpl@7aa3857b
2024-10-02T18:51:27.516+01:00  INFO 33287 --- [interview] [    Test worker] com.zaxxer.hikari.HikariDataSource       : HikariPool-1 - Start completed.
2024-10-02T18:51:28.515+01:00  INFO 33287 --- [interview] [    Test worker] o.h.e.t.j.p.i.JtaPlatformInitiator       : HHH000489: No JTA platform available (set 'hibernate.transaction.jta.platform' to enable JTA platform integration)
2024-10-02T18:51:28.612+01:00  INFO 33287 --- [interview] [    Test worker] j.LocalContainerEntityManagerFactoryBean : Initialized JPA EntityManagerFactory for persistence unit 'default'
2024-10-02T18:51:29.530+01:00  WARN 33287 --- [interview] [    Test worker] JpaBaseConfiguration$JpaWebConfiguration : spring.jpa.open-in-view is enabled by default. Therefore, database queries may be performed during view rendering. Explicitly configure spring.jpa.open-in-view to disable this warning
2024-10-02T18:51:30.292+01:00  INFO 33287 --- [interview] [    Test worker] c.t.interview.InterviewApplicationTests  : Started InterviewApplicationTests in 6.774 seconds (process running for 8.648)
]]></system-out>
  <system-err><![CDATA[]]></system-err>
</testsuite>
